<?xml version="1.0" encoding="UTF-8"?>
<testng-results ignored="0" total="1" passed="1" failed="0" skipped="0">
  <reporter-output>
  </reporter-output>
  <suite started-at="2021-08-31T03:44:20 PDT" name="Suite" finished-at="2021-08-31T03:44:20 PDT" duration-ms="76">
    <groups>
    </groups>
    <test started-at="2021-08-31T03:44:20 PDT" name="Test" finished-at="2021-08-31T03:44:20 PDT" duration-ms="76">
      <class name="testNGweek7.testNGweek7class">
        <test-method is-config="true" signature="beforeTest()[pri:0, instance:testNGweek7.testNGweek7class@56cdfb3b]" started-at="2021-08-31T03:44:20 PDT" name="beforeTest" finished-at="2021-08-31T03:44:20 PDT" duration-ms="15" status="PASS">
          <reporter-output>
          </reporter-output>
        </test-method> <!-- beforeTest -->
        <test-method signature="f()[pri:0, instance:testNGweek7.testNGweek7class@56cdfb3b]" started-at="2021-08-31T03:44:20 PDT" name="f" finished-at="2021-08-31T03:44:20 PDT" duration-ms="7" status="PASS">
          <reporter-output>
          </reporter-output>
        </test-method> <!-- f -->
        <test-method is-config="true" signature="afterTest()[pri:0, instance:testNGweek7.testNGweek7class@56cdfb3b]" started-at="2021-08-31T03:44:20 PDT" name="afterTest" finished-at="2021-08-31T03:44:20 PDT" duration-ms="1" status="PASS">
          <reporter-output>
          </reporter-output>
        </test-method> <!-- afterTest -->
      </class> <!-- testNGweek7.testNGweek7class -->
    </test> <!-- Test -->
  </suite> <!-- Suite -->
</testng-results>
